
*** Running vivado
    with args -log top_counter_system.vds -m64 -product Vivado -mode batch -messageDb vivado.pb -notrace -source top_counter_system.tcl



****** Vivado v2024.2 (64-bit)
  **** SW Build 5239630 on Fri Nov 08 22:35:27 MST 2024
  **** IP Build 5239520 on Sun Nov 10 16:12:51 MST 2024
  **** SharedData Build 5239561 on Fri Nov 08 14:39:27 MST 2024
  **** Start of session at: Wed Apr 23 23:22:09 2025
    ** Copyright 1986-2022 Xilinx, Inc. All Rights Reserved.
    ** Copyright 2022-2024 Advanced Micro Devices, Inc. All Rights Reserved.

source top_counter_system.tcl -notrace
create_project: Time (s): cpu = 00:00:07 ; elapsed = 00:00:07 . Memory (MB): peak = 619.656 ; gain = 192.707
Command: read_checkpoint -auto_incremental -incremental {D:/College/UofL/Spring 2025/ECE 510/Final Project/project_1/project_1.srcs/utils_1/imports/synth_1/top_counter_system.dcp}
INFO: [Vivado 12-5825] Read reference checkpoint from D:/College/UofL/Spring 2025/ECE 510/Final Project/project_1/project_1.srcs/utils_1/imports/synth_1/top_counter_system.dcp for incremental synthesis
INFO: [Vivado 12-7989] Please ensure there are no constraint changes
Command: synth_design -top top_counter_system -part xc7a35tcpg236-1
Starting synth_design
Attempting to get a license for feature 'Synthesis' and/or device 'xc7a35t'
INFO: [Common 17-349] Got license for feature 'Synthesis' and/or device 'xc7a35t'
INFO: [Device 21-403] Loading part xc7a35tcpg236-1
INFO: [Designutils 20-5440] No compile time benefit to using incremental synthesis; A full resynthesis will be run
INFO: [Designutils 20-4379] Flow is switching to default flow due to incremental criteria not met. If you would like to alter this behaviour and have the flow terminate instead, please set the following parameter config_implementation {autoIncr.Synth.RejectBehavior Terminate}
INFO: [Synth 8-7079] Multithreading enabled for synth_design using a maximum of 2 processes.
INFO: [Synth 8-7078] Launching helper process for spawning children vivado processes
INFO: [Synth 8-7075] Helper process launched with PID 56256
---------------------------------------------------------------------------------
Starting RTL Elaboration : Time (s): cpu = 00:00:04 ; elapsed = 00:00:05 . Memory (MB): peak = 1277.645 ; gain = 468.867
---------------------------------------------------------------------------------
INFO: [Synth 8-638] synthesizing module 'top_counter_system' [D:/College/UofL/Spring 2025/ECE 510/Final Project/project_1/project_1.srcs/sources_1/new/top_counter_system.vhd:41]
INFO: [Synth 8-3491] module 'debouncer' declared at 'D:/College/UofL/Spring 2025/ECE 510/Final Project/project_1/project_1.srcs/sources_1/new/debouncer.vhd:28' bound to instance 'u_debouncer' of component 'debouncer' [D:/College/UofL/Spring 2025/ECE 510/Final Project/project_1/project_1.srcs/sources_1/new/top_counter_system.vhd:87]
INFO: [Synth 8-638] synthesizing module 'debouncer' [D:/College/UofL/Spring 2025/ECE 510/Final Project/project_1/project_1.srcs/sources_1/new/debouncer.vhd:36]
INFO: [Synth 8-256] done synthesizing module 'debouncer' (0#1) [D:/College/UofL/Spring 2025/ECE 510/Final Project/project_1/project_1.srcs/sources_1/new/debouncer.vhd:36]
INFO: [Synth 8-3491] module 'ten_bit_counter' declared at 'D:/College/UofL/Spring 2025/ECE 510/Final Project/project_1/project_1.srcs/sources_1/new/ten_bit_counter.vhd:27' bound to instance 'u_counter' of component 'ten_bit_counter' [D:/College/UofL/Spring 2025/ECE 510/Final Project/project_1/project_1.srcs/sources_1/new/top_counter_system.vhd:94]
INFO: [Synth 8-638] synthesizing module 'ten_bit_counter' [D:/College/UofL/Spring 2025/ECE 510/Final Project/project_1/project_1.srcs/sources_1/new/ten_bit_counter.vhd:38]
INFO: [Synth 8-256] done synthesizing module 'ten_bit_counter' (0#1) [D:/College/UofL/Spring 2025/ECE 510/Final Project/project_1/project_1.srcs/sources_1/new/ten_bit_counter.vhd:38]
INFO: [Synth 8-3491] module 'bin_to_bcd' declared at 'D:/College/UofL/Spring 2025/ECE 510/Final Project/project_1/project_1.srcs/sources_1/new/bin_to_bcd.vhd:6' bound to instance 'u_bcd' of component 'bin_to_bcd' [D:/College/UofL/Spring 2025/ECE 510/Final Project/project_1/project_1.srcs/sources_1/new/top_counter_system.vhd:104]
INFO: [Synth 8-638] synthesizing module 'bin_to_bcd' [D:/College/UofL/Spring 2025/ECE 510/Final Project/project_1/project_1.srcs/sources_1/new/bin_to_bcd.vhd:13]
WARNING: [Synth 8-614] signal 'temp_bin' is read in the process but is not in the sensitivity list [D:/College/UofL/Spring 2025/ECE 510/Final Project/project_1/project_1.srcs/sources_1/new/bin_to_bcd.vhd:18]
WARNING: [Synth 8-614] signal 'thousands' is read in the process but is not in the sensitivity list [D:/College/UofL/Spring 2025/ECE 510/Final Project/project_1/project_1.srcs/sources_1/new/bin_to_bcd.vhd:18]
WARNING: [Synth 8-614] signal 'hundreds' is read in the process but is not in the sensitivity list [D:/College/UofL/Spring 2025/ECE 510/Final Project/project_1/project_1.srcs/sources_1/new/bin_to_bcd.vhd:18]
WARNING: [Synth 8-614] signal 'tens' is read in the process but is not in the sensitivity list [D:/College/UofL/Spring 2025/ECE 510/Final Project/project_1/project_1.srcs/sources_1/new/bin_to_bcd.vhd:18]
WARNING: [Synth 8-614] signal 'ones' is read in the process but is not in the sensitivity list [D:/College/UofL/Spring 2025/ECE 510/Final Project/project_1/project_1.srcs/sources_1/new/bin_to_bcd.vhd:18]
INFO: [Synth 8-256] done synthesizing module 'bin_to_bcd' (0#1) [D:/College/UofL/Spring 2025/ECE 510/Final Project/project_1/project_1.srcs/sources_1/new/bin_to_bcd.vhd:13]
WARNING: [Synth 8-5640] Port 'dp' is missing in component declaration [D:/College/UofL/Spring 2025/ECE 510/Final Project/project_1/project_1.srcs/sources_1/new/top_counter_system.vhd:75]
INFO: [Synth 8-3491] module 'ssd_driver' declared at 'D:/College/UofL/Spring 2025/ECE 510/Final Project/project_1/project_1.srcs/sources_1/new/ssd_driver.vhd:6' bound to instance 'u_ssd' of component 'ssd_driver' [D:/College/UofL/Spring 2025/ECE 510/Final Project/project_1/project_1.srcs/sources_1/new/top_counter_system.vhd:110]
INFO: [Synth 8-638] synthesizing module 'ssd_driver' [D:/College/UofL/Spring 2025/ECE 510/Final Project/project_1/project_1.srcs/sources_1/new/ssd_driver.vhd:16]
INFO: [Synth 8-256] done synthesizing module 'ssd_driver' (0#1) [D:/College/UofL/Spring 2025/ECE 510/Final Project/project_1/project_1.srcs/sources_1/new/ssd_driver.vhd:16]
INFO: [Synth 8-256] done synthesizing module 'top_counter_system' (0#1) [D:/College/UofL/Spring 2025/ECE 510/Final Project/project_1/project_1.srcs/sources_1/new/top_counter_system.vhd:41]
WARNING: [Synth 8-7129] Port sw[12] in module top_counter_system is either unconnected or has no load
WARNING: [Synth 8-7129] Port sw[11] in module top_counter_system is either unconnected or has no load
WARNING: [Synth 8-7129] Port sw[10] in module top_counter_system is either unconnected or has no load
---------------------------------------------------------------------------------
Finished RTL Elaboration : Time (s): cpu = 00:00:06 ; elapsed = 00:00:06 . Memory (MB): peak = 1382.707 ; gain = 573.930
---------------------------------------------------------------------------------
---------------------------------------------------------------------------------
Start Handling Custom Attributes
---------------------------------------------------------------------------------
---------------------------------------------------------------------------------
Finished Handling Custom Attributes : Time (s): cpu = 00:00:06 ; elapsed = 00:00:06 . Memory (MB): peak = 1382.707 ; gain = 573.930
---------------------------------------------------------------------------------
---------------------------------------------------------------------------------
Finished RTL Optimization Phase 1 : Time (s): cpu = 00:00:06 ; elapsed = 00:00:06 . Memory (MB): peak = 1382.707 ; gain = 573.930
---------------------------------------------------------------------------------
Netlist sorting complete. Time (s): cpu = 00:00:00 ; elapsed = 00:00:00.001 . Memory (MB): peak = 1382.707 ; gain = 0.000
INFO: [Project 1-570] Preparing netlist for logic optimization

Processing XDC Constraints
Initializing timing engine
Parsing XDC File [D:/College/UofL/Spring 2025/ECE 510/Final Project/project_1/project_1.srcs/constrs_1/imports/Downloads/basys3_project_constraints.xdc]
CRITICAL WARNING: [Common 17-161] Invalid option value '{0 5}' specified for 'waveform'. [D:/College/UofL/Spring 2025/ECE 510/Final Project/project_1/project_1.srcs/constrs_1/imports/Downloads/basys3_project_constraints.xdc:5]
WARNING: [Vivado 12-584] No ports matched 'dp'. [D:/College/UofL/Spring 2025/ECE 510/Final Project/project_1/project_1.srcs/constrs_1/imports/Downloads/basys3_project_constraints.xdc:82]
CRITICAL WARNING: [Common 17-55] 'set_property' expects at least one object. [D:/College/UofL/Spring 2025/ECE 510/Final Project/project_1/project_1.srcs/constrs_1/imports/Downloads/basys3_project_constraints.xdc:82]
Resolution: If [get_<value>] was used to populate the object, check to make sure this command returns at least one valid object.
Finished Parsing XDC File [D:/College/UofL/Spring 2025/ECE 510/Final Project/project_1/project_1.srcs/constrs_1/imports/Downloads/basys3_project_constraints.xdc]
INFO: [Project 1-236] Implementation specific constraints were found while reading constraint file [D:/College/UofL/Spring 2025/ECE 510/Final Project/project_1/project_1.srcs/constrs_1/imports/Downloads/basys3_project_constraints.xdc]. These constraints will be ignored for synthesis but will be used in implementation. Impacted constraints are listed in the file [.Xil/top_counter_system_propImpl.xdc].
Resolution: To avoid this warning, move constraints listed in [.Xil/top_counter_system_propImpl.xdc] to another XDC file and exclude this new file from synthesis with the used_in_synthesis property (File Properties dialog in GUI) and re-run elaboration/synthesis.
Completed Processing XDC Constraints

Netlist sorting complete. Time (s): cpu = 00:00:00 ; elapsed = 00:00:00 . Memory (MB): peak = 1471.965 ; gain = 0.000
INFO: [Project 1-111] Unisim Transformation Summary:
No Unisim elements were transformed.

Constraint Validation Runtime : Time (s): cpu = 00:00:00 ; elapsed = 00:00:00.002 . Memory (MB): peak = 1471.965 ; gain = 0.000
INFO: [Designutils 20-5440] No compile time benefit to using incremental synthesis; A full resynthesis will be run
INFO: [Designutils 20-4379] Flow is switching to default flow due to incremental criteria not met. If you would like to alter this behaviour and have the flow terminate instead, please set the following parameter config_implementation {autoIncr.Synth.RejectBehavior Terminate}
---------------------------------------------------------------------------------
Finished Constraint Validation : Time (s): cpu = 00:00:12 ; elapsed = 00:00:13 . Memory (MB): peak = 1471.965 ; gain = 663.188
---------------------------------------------------------------------------------
---------------------------------------------------------------------------------
Start Loading Part and Timing Information
---------------------------------------------------------------------------------
Loading part: xc7a35tcpg236-1
---------------------------------------------------------------------------------
Finished Loading Part and Timing Information : Time (s): cpu = 00:00:12 ; elapsed = 00:00:13 . Memory (MB): peak = 1471.965 ; gain = 663.188
---------------------------------------------------------------------------------
---------------------------------------------------------------------------------
Start Applying 'set_property' XDC Constraints
---------------------------------------------------------------------------------
---------------------------------------------------------------------------------
Finished applying 'set_property' XDC Constraints : Time (s): cpu = 00:00:12 ; elapsed = 00:00:13 . Memory (MB): peak = 1471.965 ; gain = 663.188
---------------------------------------------------------------------------------
---------------------------------------------------------------------------------
Finished RTL Optimization Phase 2 : Time (s): cpu = 00:00:12 ; elapsed = 00:00:13 . Memory (MB): peak = 1471.965 ; gain = 663.188
---------------------------------------------------------------------------------
---------------------------------------------------------------------------------
Start RTL Component Statistics 
---------------------------------------------------------------------------------
Detailed RTL Component Info : 
+---Adders : 
	   2 Input   10 Bit       Adders := 2     
+---Registers : 
	               16 Bit    Registers := 1     
	               10 Bit    Registers := 1     
	                1 Bit    Registers := 1     
+---Muxes : 
	   2 Input   10 Bit        Muxes := 5     
	   4 Input    4 Bit        Muxes := 2     
---------------------------------------------------------------------------------
Finished RTL Component Statistics 
---------------------------------------------------------------------------------
---------------------------------------------------------------------------------
Start Part Resource Summary
---------------------------------------------------------------------------------
Part Resources:
DSPs: 90 (col length:60)
BRAMs: 100 (col length: RAMB18 60 RAMB36 30)
---------------------------------------------------------------------------------
Finished Part Resource Summary
---------------------------------------------------------------------------------
---------------------------------------------------------------------------------
Start Cross Boundary and Area Optimization
---------------------------------------------------------------------------------
WARNING: [Synth 8-7080] Parallel synthesis criteria is not met
WARNING: [Synth 8-7129] Port sw[12] in module top_counter_system is either unconnected or has no load
WARNING: [Synth 8-7129] Port sw[11] in module top_counter_system is either unconnected or has no load
WARNING: [Synth 8-7129] Port sw[10] in module top_counter_system is either unconnected or has no load
---------------------------------------------------------------------------------
Finished Cross Boundary and Area Optimization : Time (s): cpu = 00:00:15 ; elapsed = 00:00:16 . Memory (MB): peak = 1471.965 ; gain = 663.188
---------------------------------------------------------------------------------
---------------------------------------------------------------------------------
Start Applying XDC Timing Constraints
---------------------------------------------------------------------------------
---------------------------------------------------------------------------------
Finished Applying XDC Timing Constraints : Time (s): cpu = 00:00:20 ; elapsed = 00:00:21 . Memory (MB): peak = 1577.105 ; gain = 768.328
---------------------------------------------------------------------------------
---------------------------------------------------------------------------------
Start Timing Optimization
---------------------------------------------------------------------------------
---------------------------------------------------------------------------------
Finished Timing Optimization : Time (s): cpu = 00:00:20 ; elapsed = 00:00:21 . Memory (MB): peak = 1577.180 ; gain = 768.402
---------------------------------------------------------------------------------
---------------------------------------------------------------------------------
Start Technology Mapping
---------------------------------------------------------------------------------
---------------------------------------------------------------------------------
Finished Technology Mapping : Time (s): cpu = 00:00:20 ; elapsed = 00:00:22 . Memory (MB): peak = 1596.258 ; gain = 787.480
---------------------------------------------------------------------------------
---------------------------------------------------------------------------------
Start IO Insertion
---------------------------------------------------------------------------------
---------------------------------------------------------------------------------
Start Flattening Before IO Insertion
---------------------------------------------------------------------------------
---------------------------------------------------------------------------------
Finished Flattening Before IO Insertion
---------------------------------------------------------------------------------
---------------------------------------------------------------------------------
Start Final Netlist Cleanup
---------------------------------------------------------------------------------
---------------------------------------------------------------------------------
Finished Final Netlist Cleanup
---------------------------------------------------------------------------------
---------------------------------------------------------------------------------
Finished IO Insertion : Time (s): cpu = 00:00:23 ; elapsed = 00:00:24 . Memory (MB): peak = 1802.906 ; gain = 994.129
---------------------------------------------------------------------------------
---------------------------------------------------------------------------------
Start Renaming Generated Instances
---------------------------------------------------------------------------------
---------------------------------------------------------------------------------
Finished Renaming Generated Instances : Time (s): cpu = 00:00:23 ; elapsed = 00:00:24 . Memory (MB): peak = 1802.906 ; gain = 994.129
---------------------------------------------------------------------------------
---------------------------------------------------------------------------------
Start Rebuilding User Hierarchy
---------------------------------------------------------------------------------
---------------------------------------------------------------------------------
Finished Rebuilding User Hierarchy : Time (s): cpu = 00:00:23 ; elapsed = 00:00:24 . Memory (MB): peak = 1802.906 ; gain = 994.129
---------------------------------------------------------------------------------
---------------------------------------------------------------------------------
Start Renaming Generated Ports
---------------------------------------------------------------------------------
---------------------------------------------------------------------------------
Finished Renaming Generated Ports : Time (s): cpu = 00:00:23 ; elapsed = 00:00:24 . Memory (MB): peak = 1802.906 ; gain = 994.129
---------------------------------------------------------------------------------
---------------------------------------------------------------------------------
Start Handling Custom Attributes
---------------------------------------------------------------------------------
---------------------------------------------------------------------------------
Finished Handling Custom Attributes : Time (s): cpu = 00:00:23 ; elapsed = 00:00:24 . Memory (MB): peak = 1802.906 ; gain = 994.129
---------------------------------------------------------------------------------
---------------------------------------------------------------------------------
Start Renaming Generated Nets
---------------------------------------------------------------------------------
---------------------------------------------------------------------------------
Finished Renaming Generated Nets : Time (s): cpu = 00:00:23 ; elapsed = 00:00:24 . Memory (MB): peak = 1802.906 ; gain = 994.129
---------------------------------------------------------------------------------
---------------------------------------------------------------------------------
Start Writing Synthesis Report
---------------------------------------------------------------------------------

Report BlackBoxes: 
+-+--------------+----------+
| |BlackBox name |Instances |
+-+--------------+----------+
+-+--------------+----------+

Report Cell Usage: 
+------+-------+------+
|      |Cell   |Count |
+------+-------+------+
|1     |BUFG   |     1|
|2     |CARRY4 |    17|
|3     |LUT1   |     6|
|4     |LUT2   |    39|
|5     |LUT3   |    18|
|6     |LUT4   |    10|
|7     |LUT5   |    20|
|8     |LUT6   |    52|
|9     |MUXF7  |     1|
|10    |FDCE   |    10|
|11    |FDRE   |    37|
|12    |IBUF   |    15|
|13    |OBUF   |    21|
+------+-------+------+
---------------------------------------------------------------------------------
Finished Writing Synthesis Report : Time (s): cpu = 00:00:23 ; elapsed = 00:00:24 . Memory (MB): peak = 1802.906 ; gain = 994.129
---------------------------------------------------------------------------------
Synthesis finished with 0 errors, 0 critical warnings and 4 warnings.
Synthesis Optimization Runtime : Time (s): cpu = 00:00:16 ; elapsed = 00:00:23 . Memory (MB): peak = 1802.906 ; gain = 904.871
Synthesis Optimization Complete : Time (s): cpu = 00:00:23 ; elapsed = 00:00:25 . Memory (MB): peak = 1802.906 ; gain = 994.129
INFO: [Project 1-571] Translating synthesized netlist
Netlist sorting complete. Time (s): cpu = 00:00:00 ; elapsed = 00:00:00.002 . Memory (MB): peak = 1812.055 ; gain = 0.000
INFO: [Netlist 29-17] Analyzing 18 Unisim elements for replacement
INFO: [Netlist 29-28] Unisim Transformation completed in 0 CPU seconds
INFO: [Project 1-570] Preparing netlist for logic optimization
INFO: [Opt 31-138] Pushed 0 inverter(s) to 0 load pin(s).
Netlist sorting complete. Time (s): cpu = 00:00:00 ; elapsed = 00:00:00 . Memory (MB): peak = 1815.746 ; gain = 0.000
INFO: [Project 1-111] Unisim Transformation Summary:
No Unisim elements were transformed.

Synth Design complete | Checksum: bbf070d6
INFO: [Common 17-83] Releasing license: Synthesis
35 Infos, 14 Warnings, 2 Critical Warnings and 0 Errors encountered.
synth_design completed successfully
synth_design: Time (s): cpu = 00:00:25 ; elapsed = 00:00:37 . Memory (MB): peak = 1815.746 ; gain = 1190.418
INFO: [runtcl-6] Synthesis results are not added to the cache due to CRITICAL_WARNING
Write ShapeDB Complete: Time (s): cpu = 00:00:00 ; elapsed = 00:00:00.001 . Memory (MB): peak = 1815.746 ; gain = 0.000
INFO: [Common 17-1381] The checkpoint 'D:/College/UofL/Spring 2025/ECE 510/Final Project/project_1/project_1.runs/synth_1/top_counter_system.dcp' has been generated.
INFO: [Vivado 12-24828] Executing command : report_utilization -file top_counter_system_utilization_synth.rpt -pb top_counter_system_utilization_synth.pb
INFO: [Common 17-206] Exiting Vivado at Wed Apr 23 23:22:57 2025...
